<component name="libraryTable">
  <library name="junit-5.0-SNAPSHOT">
    <CLASSES>
      <root url="jar://$PROJECT_DIR$/lib/junit-5.0-SNAPSHOT.jar!/" />
    </CLASSES>
    <JAVADOC />
    <SOURCES />
  </library>
</component>